<?xml version="1.0" encoding="UTF-8"?>
<!-- Generated by org.testng.reporters.JUnitXMLReporter -->
<testsuite ignored="0" hostname="Vineela" failures="3" tests="6" name="Test" time="19.451" errors="0" timestamp="2025-05-06T16:38:07 IST">
  <testcase classname="api.test.DataDrivenTest" name="testPostUser" time="2.887"/>
  <testcase classname="api.test.DataDrivenTest" name="testPostUser" time="1.507"/>
  <testcase classname="api.test.UserTest" name="testPostUser" time="1.618"/>
  <testcase classname="api.test.UserTest" name="testGetUserByName" time="3.549">
    <failure type="java.lang.AssertionError" message="expected [200] but found [404]">
      <![CDATA[java.lang.AssertionError: expected [200] but found [404]
at api.test.UserTest.testGetUserByName(UserTest.java:52)
at java.base/java.util.ArrayList.forEach(ArrayList.java:1511)
... Removed 34 stack frames]]>
    </failure>
  </testcase> <!-- testGetUserByName -->
  <testcase classname="api.test.UserTest" name="testUpdateUserByName" time="5.004">
    <failure type="java.lang.AssertionError" message="expected [200] but found [404]">
      <![CDATA[java.lang.AssertionError: expected [200] but found [404]
at api.test.UserTest.testUpdateUserByName(UserTest.java:73)
at java.base/java.util.ArrayList.forEach(ArrayList.java:1511)
... Removed 34 stack frames]]>
    </failure>
  </testcase> <!-- testUpdateUserByName -->
  <testcase classname="api.test.UserTest" name="testDeleteUserByName" time="3.477">
    <failure type="java.lang.AssertionError" message="expected [200] but found [404]">
      <![CDATA[java.lang.AssertionError: expected [200] but found [404]
at api.test.UserTest.testDeleteUserByName(UserTest.java:82)
at java.base/java.util.ArrayList.forEach(ArrayList.java:1511)
... Removed 34 stack frames]]>
    </failure>
  </testcase> <!-- testDeleteUserByName -->
</testsuite> <!-- Test -->
